0 info it worked if it ends with ok
1 verbose cli [ '/home/ubuntu/.nvm/versions/node/v6.11.2/bin/node',
1 verbose cli   '/home/ubuntu/.nvm/versions/node/v6.11.2/bin/npm',
1 verbose cli   'run',
1 verbose cli   'test-happiness-stats' ]
2 info using npm@3.10.10
3 info using node@v6.11.2
4 verbose run-script [ 'pretest-happiness-stats',
4 verbose run-script   'test-happiness-stats',
4 verbose run-script   'posttest-happiness-stats' ]
5 info lifecycle sos1819-04@0.1.0~pretest-happiness-stats: sos1819-04@0.1.0
6 silly lifecycle sos1819-04@0.1.0~pretest-happiness-stats: no script for pretest-happiness-stats, continuing
7 info lifecycle sos1819-04@0.1.0~test-happiness-stats: sos1819-04@0.1.0
8 verbose lifecycle sos1819-04@0.1.0~test-happiness-stats: unsafe-perm in lifecycle true
9 verbose lifecycle sos1819-04@0.1.0~test-happiness-stats: PATH: /home/ubuntu/.nvm/versions/node/v6.11.2/lib/node_modules/npm/bin/node-gyp-bin:/home/ubuntu/workspace/node_modules/.bin:/home/ubuntu/.nvm/versions/node/v6.11.2/bin:/usr/local/rvm/gems/ruby-2.4.0/bin:/usr/local/rvm/gems/ruby-2.4.0@global/bin:/usr/local/rvm/rubies/ruby-2.4.0/bin:/mnt/shared/bin:/home/ubuntu/workspace/node_modules/.bin:/home/ubuntu/bin:/usr/local/sbin:/usr/local/bin:/usr/sbin:/usr/bin:/sbin:/bin:/mnt/shared/sbin:/opt/gitl:/opt/go/bin:/mnt/shared/c9/app.nw/bin:/usr/local/rvm/bin
10 verbose lifecycle sos1819-04@0.1.0~test-happiness-stats: CWD: /home/ubuntu/workspace
11 silly lifecycle sos1819-04@0.1.0~test-happiness-stats: Args: [ '-c',
11 silly lifecycle   'https://www.getpostman.com/collections/7a9765362e33a9083016' ]
12 info lifecycle sos1819-04@0.1.0~test-happiness-stats: Failed to exec test-happiness-stats script
13 verbose stack Error: sos1819-04@0.1.0 test-happiness-stats: `https://www.getpostman.com/collections/7a9765362e33a9083016`
13 verbose stack spawn ENOENT
13 verbose stack     at ChildProcess.<anonymous> (/home/ubuntu/.nvm/versions/node/v6.11.2/lib/node_modules/npm/lib/utils/spawn.js:33:16)
13 verbose stack     at emitTwo (events.js:106:13)
13 verbose stack     at ChildProcess.emit (events.js:191:7)
13 verbose stack     at maybeClose (internal/child_process.js:891:16)
13 verbose stack     at Process.ChildProcess._handle.onexit (internal/child_process.js:226:5)
14 verbose pkgid sos1819-04@0.1.0
15 verbose cwd /home/ubuntu/workspace
16 error Linux 4.9.120-c9
17 error argv "/home/ubuntu/.nvm/versions/node/v6.11.2/bin/node" "/home/ubuntu/.nvm/versions/node/v6.11.2/bin/npm" "run" "test-happiness-stats"
18 error node v6.11.2
19 error npm  v3.10.10
20 error file sh
21 error code ELIFECYCLE
22 error errno ENOENT
23 error syscall spawn
24 error sos1819-04@0.1.0 test-happiness-stats: `https://www.getpostman.com/collections/7a9765362e33a9083016`
24 error spawn ENOENT
25 error Failed at the sos1819-04@0.1.0 test-happiness-stats script 'https://www.getpostman.com/collections/7a9765362e33a9083016'.
25 error Make sure you have the latest version of node.js and npm installed.
25 error If you do, this is most likely a problem with the sos1819-04 package,
25 error not with npm itself.
25 error Tell the author that this fails on your system:
25 error     https://www.getpostman.com/collections/7a9765362e33a9083016
25 error You can get information on how to open an issue for this project with:
25 error     npm bugs sos1819-04
25 error Or if that isn't available, you can get their info via:
25 error     npm owner ls sos1819-04
25 error There is likely additional logging output above.
26 verbose exit [ 1, true ]
